<?xml version="1.0" encoding="UTF-8"?>
<!-- Generated by org.testng.reporters.JUnitXMLReporter -->
<testsuite hostname="INT-01919" ignored="0" name="BankingApp Test" tests="3" failures="0" timestamp="04 Apr 2019 08:37:27 GMT" time="63.207" errors="0">
  <testcase name="AddNewCustomer" time="16.041" classname="com.inetBanking.testCases.TC_AddCustomerTest_003"/>
  <testcase name="EditCustomer" time="10.295" classname="com.inetBanking.testCases.TC_EditCustomer_004"/>
  <testcase name="DeleteCustomer" time="5.692" classname="com.inetBanking.testCases.TC_DeleteCustomer_005"/>
</testsuite> <!-- BankingApp Test -->
