<?xml version="1.0" encoding="UTF-8"?>
<!-- Generated by org.testng.reporters.JUnitXMLReporter -->
<testsuite hostname="INT-01919" ignored="0" name="BankingApp Test" tests="3" failures="1" timestamp="04 Apr 2019 16:02:58 GMT" time="56.853" errors="0">
  <testcase name="AddNewCustomer" time="14.395" classname="com.inetBanking.testCases.TC_AddCustomerTest_003">
    <failure type="junit.framework.AssertionFailedError">
      <![CDATA[junit.framework.AssertionFailedError
	at junit.framework.Assert.fail(Assert.java:55)
	at junit.framework.Assert.assertTrue(Assert.java:22)
	at junit.framework.Assert.assertTrue(Assert.java:31)
	at com.inetBanking.testCases.TC_AddCustomerTest_003.AddNewCustomer(TC_AddCustomerTest_003.java:52)
... Removed 29 stack frames]]>
    </failure>
  </testcase> <!-- AddNewCustomer -->
  <testcase name="EditCustomer" time="10.791" classname="com.inetBanking.testCases.TC_EditCustomer_004"/>
  <testcase name="DeleteCustomer" time="5.831" classname="com.inetBanking.testCases.TC_DeleteCustomer_005"/>
</testsuite> <!-- BankingApp Test -->
