-------------------------------------------------------------------------------
Test set: TestSuite
-------------------------------------------------------------------------------
Tests run: 3, Failures: 1, Errors: 0, Skipped: 0, Time elapsed: 58.051 s <<< FAILURE! - in TestSuite
AddNewCustomer(com.inetBanking.testCases.TC_AddCustomerTest_003)  Time elapsed: 14.401 s  <<< FAILURE!
junit.framework.AssertionFailedError
	at com.inetBanking.testCases.TC_AddCustomerTest_003.AddNewCustomer(TC_AddCustomerTest_003.java:52)

