<?xml version="1.0" encoding="UTF-8"?>
<testng-results skipped="0" failed="1" ignored="0" total="3" passed="2">
  <reporter-output>
  </reporter-output>
  <suite name="InetBankingV1" duration-ms="56853" started-at="2019-04-04T16:02:01Z" finished-at="2019-04-04T16:02:58Z">
    <groups>
    </groups>
    <test name="BankingApp Test" duration-ms="56853" started-at="2019-04-04T16:02:01Z" finished-at="2019-04-04T16:02:58Z">
      <class name="com.inetBanking.testCases.TC_EditCustomer_004">
        <test-method status="PASS" signature="initialization(java.lang.String)[pri:0, instance:com.inetBanking.testCases.TC_EditCustomer_004@34b7bfc0]" name="initialization" is-config="true" duration-ms="7331" started-at="2019-04-04T18:02:26Z" finished-at="2019-04-04T18:02:33Z">
          <params>
            <param index="0">
              <value>
                <![CDATA[chrome]]>
              </value>
            </param>
          </params>
          <reporter-output>
          </reporter-output>
        </test-method> <!-- initialization -->
        <test-method status="PASS" signature="EditCustomer()[pri:0, instance:com.inetBanking.testCases.TC_EditCustomer_004@34b7bfc0]" name="EditCustomer" duration-ms="10791" started-at="2019-04-04T18:02:33Z" finished-at="2019-04-04T18:02:44Z">
          <reporter-output>
          </reporter-output>
        </test-method> <!-- EditCustomer -->
        <test-method status="PASS" signature="tearDown()[pri:0, instance:com.inetBanking.testCases.TC_EditCustomer_004@34b7bfc0]" name="tearDown" is-config="true" duration-ms="622" started-at="2019-04-04T18:02:44Z" finished-at="2019-04-04T18:02:44Z">
          <reporter-output>
          </reporter-output>
        </test-method> <!-- tearDown -->
      </class> <!-- com.inetBanking.testCases.TC_EditCustomer_004 -->
      <class name="com.inetBanking.testCases.TC_AddCustomerTest_003">
        <test-method status="PASS" signature="initialization(java.lang.String)[pri:0, instance:com.inetBanking.testCases.TC_AddCustomerTest_003@67b6d4ae]" name="initialization" is-config="true" duration-ms="8971" started-at="2019-04-04T18:02:02Z" finished-at="2019-04-04T18:02:11Z">
          <params>
            <param index="0">
              <value>
                <![CDATA[chrome]]>
              </value>
            </param>
          </params>
          <reporter-output>
          </reporter-output>
        </test-method> <!-- initialization -->
        <test-method status="FAIL" signature="AddNewCustomer()[pri:0, instance:com.inetBanking.testCases.TC_AddCustomerTest_003@67b6d4ae]" name="AddNewCustomer" duration-ms="14395" started-at="2019-04-04T18:02:11Z" finished-at="2019-04-04T18:02:25Z">
          <exception class="junit.framework.AssertionFailedError">
            <full-stacktrace>
              <![CDATA[junit.framework.AssertionFailedError
	at junit.framework.Assert.fail(Assert.java:55)
	at junit.framework.Assert.assertTrue(Assert.java:22)
	at junit.framework.Assert.assertTrue(Assert.java:31)
	at com.inetBanking.testCases.TC_AddCustomerTest_003.AddNewCustomer(TC_AddCustomerTest_003.java:52)
	at sun.reflect.NativeMethodAccessorImpl.invoke0(Native Method)
	at sun.reflect.NativeMethodAccessorImpl.invoke(NativeMethodAccessorImpl.java:62)
	at sun.reflect.DelegatingMethodAccessorImpl.invoke(DelegatingMethodAccessorImpl.java:43)
	at java.lang.reflect.Method.invoke(Method.java:498)
	at org.testng.internal.MethodInvocationHelper.invokeMethod(MethodInvocationHelper.java:104)
	at org.testng.internal.Invoker.invokeMethod(Invoker.java:645)
	at org.testng.internal.Invoker.invokeTestMethod(Invoker.java:851)
	at org.testng.internal.Invoker.invokeTestMethods(Invoker.java:1177)
	at org.testng.internal.TestMethodWorker.invokeTestMethods(TestMethodWorker.java:129)
	at org.testng.internal.TestMethodWorker.run(TestMethodWorker.java:112)
	at org.testng.TestRunner.privateRun(TestRunner.java:756)
	at org.testng.TestRunner.run(TestRunner.java:610)
	at org.testng.SuiteRunner.runTest(SuiteRunner.java:387)
	at org.testng.SuiteRunner.runSequentially(SuiteRunner.java:382)
	at org.testng.SuiteRunner.privateRun(SuiteRunner.java:340)
	at org.testng.SuiteRunner.run(SuiteRunner.java:289)
	at org.testng.SuiteRunnerWorker.runSuite(SuiteRunnerWorker.java:52)
	at org.testng.SuiteRunnerWorker.run(SuiteRunnerWorker.java:86)
	at org.testng.TestNG.runSuitesSequentially(TestNG.java:1293)
	at org.testng.TestNG.runSuitesLocally(TestNG.java:1218)
	at org.testng.TestNG.runSuites(TestNG.java:1133)
	at org.testng.TestNG.run(TestNG.java:1104)
	at org.apache.maven.surefire.testng.TestNGExecutor.run(TestNGExecutor.java:283)
	at org.apache.maven.surefire.testng.TestNGXmlTestSuite.execute(TestNGXmlTestSuite.java:75)
	at org.apache.maven.surefire.testng.TestNGProvider.invoke(TestNGProvider.java:120)
	at org.apache.maven.surefire.booter.ForkedBooter.invokeProviderInSameClassLoader(ForkedBooter.java:384)
	at org.apache.maven.surefire.booter.ForkedBooter.runSuitesInProcess(ForkedBooter.java:345)
	at org.apache.maven.surefire.booter.ForkedBooter.execute(ForkedBooter.java:126)
	at org.apache.maven.surefire.booter.ForkedBooter.main(ForkedBooter.java:418)
]]>
            </full-stacktrace>
          </exception> <!-- junit.framework.AssertionFailedError -->
          <reporter-output>
          </reporter-output>
        </test-method> <!-- AddNewCustomer -->
        <test-method status="PASS" signature="tearDown()[pri:0, instance:com.inetBanking.testCases.TC_AddCustomerTest_003@67b6d4ae]" name="tearDown" is-config="true" duration-ms="616" started-at="2019-04-04T18:02:25Z" finished-at="2019-04-04T18:02:26Z">
          <reporter-output>
          </reporter-output>
        </test-method> <!-- tearDown -->
      </class> <!-- com.inetBanking.testCases.TC_AddCustomerTest_003 -->
      <class name="com.inetBanking.testCases.TC_DeleteCustomer_005">
        <test-method status="PASS" signature="initialization(java.lang.String)[pri:0, instance:com.inetBanking.testCases.TC_DeleteCustomer_005@366e2eef]" name="initialization" is-config="true" duration-ms="7419" started-at="2019-04-04T18:02:44Z" finished-at="2019-04-04T18:02:52Z">
          <params>
            <param index="0">
              <value>
                <![CDATA[chrome]]>
              </value>
            </param>
          </params>
          <reporter-output>
          </reporter-output>
        </test-method> <!-- initialization -->
        <test-method status="PASS" signature="DeleteCustomer()[pri:0, instance:com.inetBanking.testCases.TC_DeleteCustomer_005@366e2eef]" name="DeleteCustomer" duration-ms="5831" started-at="2019-04-04T18:02:52Z" finished-at="2019-04-04T18:02:58Z">
          <reporter-output>
          </reporter-output>
        </test-method> <!-- DeleteCustomer -->
        <test-method status="PASS" signature="tearDown()[pri:0, instance:com.inetBanking.testCases.TC_DeleteCustomer_005@366e2eef]" name="tearDown" is-config="true" duration-ms="617" started-at="2019-04-04T18:02:58Z" finished-at="2019-04-04T18:02:58Z">
          <reporter-output>
          </reporter-output>
        </test-method> <!-- tearDown -->
      </class> <!-- com.inetBanking.testCases.TC_DeleteCustomer_005 -->
    </test> <!-- BankingApp Test -->
  </suite> <!-- InetBankingV1 -->
</testng-results>
