<?xml version="1.0" encoding="UTF-8"?>
<testng-results skipped="0" failed="0" ignored="0" total="3" passed="3">
  <reporter-output>
  </reporter-output>
  <suite name="InetBankingV1" duration-ms="63207" started-at="2019-04-04T08:36:24Z" finished-at="2019-04-04T08:37:27Z">
    <groups>
    </groups>
    <test name="BankingApp Test" duration-ms="63207" started-at="2019-04-04T08:36:24Z" finished-at="2019-04-04T08:37:27Z">
      <class name="com.inetBanking.testCases.TC_EditCustomer_004">
        <test-method status="PASS" signature="initialization(java.lang.String)[pri:0, instance:com.inetBanking.testCases.TC_EditCustomer_004@68c4039c]" name="initialization" is-config="true" duration-ms="8772" started-at="2019-04-04T10:36:53Z" finished-at="2019-04-04T10:37:02Z">
          <params>
            <param index="0">
              <value>
                <![CDATA[chrome]]>
              </value>
            </param>
          </params>
          <reporter-output>
          </reporter-output>
        </test-method> <!-- initialization -->
        <test-method status="PASS" signature="EditCustomer()[pri:0, instance:com.inetBanking.testCases.TC_EditCustomer_004@68c4039c]" name="EditCustomer" duration-ms="10295" started-at="2019-04-04T10:37:02Z" finished-at="2019-04-04T10:37:12Z">
          <reporter-output>
          </reporter-output>
        </test-method> <!-- EditCustomer -->
        <test-method status="PASS" signature="tearDown()[pri:0, instance:com.inetBanking.testCases.TC_EditCustomer_004@68c4039c]" name="tearDown" is-config="true" duration-ms="619" started-at="2019-04-04T10:37:12Z" finished-at="2019-04-04T10:37:13Z">
          <reporter-output>
          </reporter-output>
        </test-method> <!-- tearDown -->
      </class> <!-- com.inetBanking.testCases.TC_EditCustomer_004 -->
      <class name="com.inetBanking.testCases.TC_AddCustomerTest_003">
        <test-method status="PASS" signature="initialization(java.lang.String)[pri:0, instance:com.inetBanking.testCases.TC_AddCustomerTest_003@3532ec19]" name="initialization" is-config="true" duration-ms="11804" started-at="2019-04-04T10:36:24Z" finished-at="2019-04-04T10:36:36Z">
          <params>
            <param index="0">
              <value>
                <![CDATA[chrome]]>
              </value>
            </param>
          </params>
          <reporter-output>
          </reporter-output>
        </test-method> <!-- initialization -->
        <test-method status="PASS" signature="AddNewCustomer()[pri:0, instance:com.inetBanking.testCases.TC_AddCustomerTest_003@3532ec19]" name="AddNewCustomer" duration-ms="16041" started-at="2019-04-04T10:36:36Z" finished-at="2019-04-04T10:36:52Z">
          <reporter-output>
          </reporter-output>
        </test-method> <!-- AddNewCustomer -->
        <test-method status="PASS" signature="tearDown()[pri:0, instance:com.inetBanking.testCases.TC_AddCustomerTest_003@3532ec19]" name="tearDown" is-config="true" duration-ms="623" started-at="2019-04-04T10:36:52Z" finished-at="2019-04-04T10:36:53Z">
          <reporter-output>
          </reporter-output>
        </test-method> <!-- tearDown -->
      </class> <!-- com.inetBanking.testCases.TC_AddCustomerTest_003 -->
      <class name="com.inetBanking.testCases.TC_DeleteCustomer_005">
        <test-method status="PASS" signature="initialization(java.lang.String)[pri:0, instance:com.inetBanking.testCases.TC_DeleteCustomer_005@ae45eb6]" name="initialization" is-config="true" duration-ms="8377" started-at="2019-04-04T10:37:13Z" finished-at="2019-04-04T10:37:21Z">
          <params>
            <param index="0">
              <value>
                <![CDATA[chrome]]>
              </value>
            </param>
          </params>
          <reporter-output>
          </reporter-output>
        </test-method> <!-- initialization -->
        <test-method status="PASS" signature="DeleteCustomer()[pri:0, instance:com.inetBanking.testCases.TC_DeleteCustomer_005@ae45eb6]" name="DeleteCustomer" duration-ms="5692" started-at="2019-04-04T10:37:21Z" finished-at="2019-04-04T10:37:27Z">
          <reporter-output>
          </reporter-output>
        </test-method> <!-- DeleteCustomer -->
        <test-method status="PASS" signature="tearDown()[pri:0, instance:com.inetBanking.testCases.TC_DeleteCustomer_005@ae45eb6]" name="tearDown" is-config="true" duration-ms="663" started-at="2019-04-04T10:37:27Z" finished-at="2019-04-04T10:37:27Z">
          <reporter-output>
          </reporter-output>
        </test-method> <!-- tearDown -->
      </class> <!-- com.inetBanking.testCases.TC_DeleteCustomer_005 -->
    </test> <!-- BankingApp Test -->
  </suite> <!-- InetBankingV1 -->
</testng-results>
